<?xml version="1.0" encoding="UTF-8"?>
<!-- Generated by org.testng.reporters.JUnitReportReporter -->
<testsuite skipped="0" hostname="HYDPCM205651L" name="checks.AppTest" tests="1" failures="0" timestamp="07 Jan 2018 06:45:18 GMT" time="0.004" errors="0">
  <testcase name="tc4" time="0.004" classname="checks.AppTest"/>
</testsuite> <!-- checks.AppTest -->
